[27/04/16 04:47:08:008 COT] ERROR pbcast.NAKACK: couldn't deliver message [dst: <null>, src: D140E12-63936 (3 headers), size=497 bytes]
java.lang.NullPointerException
	at org.jgroups.protocols.Causal$ActiveCausalView.access$3300(Causal.java:549)
	at org.jgroups.protocols.Causal.upMsg(Causal.java:1043)
	at org.jgroups.protocols.Causal.up(Causal.java:960)
	at org.jgroups.protocols.pbcast.GMS.up(GMS.java:870)
	at org.jgroups.protocols.FRAG.up(FRAG.java:165)
	at org.jgroups.protocols.pbcast.STABLE.up(STABLE.java:245)
	at org.jgroups.protocols.UNICAST.up(UNICAST.java:298)
	at org.jgroups.protocols.pbcast.NAKACK.handleMessage(NAKACK.java:797)
	at org.jgroups.protocols.pbcast.NAKACK.up(NAKACK.java:626)
	at org.jgroups.protocols.pbcast.NAKACK.handleXmitRsp(NAKACK.java:961)
	at org.jgroups.protocols.pbcast.NAKACK.up(NAKACK.java:640)
	at org.jgroups.protocols.VERIFY_SUSPECT.up(VERIFY_SUSPECT.java:132)
	at org.jgroups.protocols.FD.up(FD.java:270)
	at org.jgroups.protocols.MERGE2.up(MERGE2.java:208)
	at org.jgroups.protocols.DISCARD.up(DISCARD.java:209)
	at org.jgroups.protocols.Discovery.up(Discovery.java:335)
	at org.jgroups.protocols.TP.passMessageUp(TP.java:1093)
	at org.jgroups.protocols.TP$IncomingPacket.handleMyMessage(TP.java:1649)
	at org.jgroups.protocols.TP$IncomingPacket.run(TP.java:1631)
	at java.util.concurrent.ThreadPoolExecutor.runWorker(ThreadPoolExecutor.java:1145)
	at java.util.concurrent.ThreadPoolExecutor$Worker.run(ThreadPoolExecutor.java:615)
	at java.lang.Thread.run(Thread.java:745)
